{
  "RSpec": {
    "coverage": {
      "/dpc-admin/lib/luhnacy_lib/luhnacy_lib.rb": [
        null,
        null,
        1,
        1,
        90,
        90,
        90,
        null,
        null,
        null,
        1,
        81,
        null,
        null
      ],
      "/dpc-admin/app/models/internal_user.rb": [
        null,
        null,
        1,
        null,
        null,
        1,
        null,
        null,
        null,
        1,
        null,
        1,
        3,
        2,
        2,
        2,
        2,
        null,
        null,
        null
      ],
      "/dpc-admin/app/models/application_record.rb": [
        null,
        null,
        1,
        1,
        null
      ],
      "/dpc-admin/app/helpers/address_helper.rb": [
        null,
        null,
        1,
        1,
        560,
        null,
        null
      ],
      "/dpc-admin/app/helpers/application_helper.rb": [
        null,
        null,
        1,
        1,
        3,
        null,
        1,
        1,
        null,
        null,
        1,
        1,
        null,
        null,
        1,
        130,
        null,
        null,
        1,
        194,
        null,
        null
      ],
      "/dpc-admin/app/helpers/mailer_helper.rb": [
        null,
        null,
        1,
        1,
        0,
        null,
        null
      ],
      "/dpc-admin/app/helpers/nav_helper.rb": [
        null,
        null,
        1,
        1,
        0,
        null,
        null,
        1,
        19,
        null,
        null,
        1,
        98,
        null,
        null,
        1,
        168,
        null,
        null,
        1,
        0,
        0,
        0,
        0,
        0,
        0,
        0,
        0,
        null,
        0,
        null,
        0,
        null,
        null,
        1,
        7,
        0,
        7,
        0,
        null,
        7,
        null,
        7,
        null,
        null,
        1,
        7,
        5,
        null,
        2,
        null,
        null,
        null,
        1,
        21,
        null,
        null,
        1,
        21,
        null,
        null,
        1,
        21,
        null,
        null,
        1,
        21,
        null,
        null,
        1,
        21,
        null,
        null,
        1,
        21,
        null,
        null,
        1,
        21,
        null,
        null,
        1,
        21,
        null,
        null,
        1,
        21,
        null,
        null,
        1,
        21,
        null,
        null,
        1,
        21,
        null,
        null,
        1,
        28,
        null,
        null,
        1,
        28,
        null,
        null
      ],
      "/dpc-admin/app/helpers/organizations_helper.rb": [
        null,
        null,
        1,
        1,
        31,
        null,
        null,
        1,
        9,
        null,
        null,
        1,
        9,
        null,
        null,
        1,
        3,
        null,
        null,
        1,
        52,
        360,
        null,
        null,
        null,
        1,
        0,
        0,
        null,
        0,
        null,
        null,
        null,
        1,
        0,
        0,
        null,
        0,
        null,
        null,
        null
      ],
      "/dpc-admin/app/helpers/tags_helper.rb": [
        null,
        null,
        1,
        1,
        1,
        null,
        null,
        1,
        1,
        null,
        null
      ],
      "/dpc-admin/app/helpers/user_helper.rb": [
        null,
        null,
        1,
        1,
        24,
        null,
        null
      ],
      "/dpc-admin/lib/redis_store/mail_throttle_store.rb": [
        null,
        null,
        1,
        null,
        1,
        1,
        null,
        null,
        1,
        null,
        1,
        null,
        7,
        7,
        7,
        null,
        null,
        1,
        13,
        null,
        10,
        null,
        null,
        1,
        null,
        1,
        10,
        10,
        null,
        null,
        1,
        13,
        null,
        null,
        null
      ],
      "/dpc-admin/app/mailers/user_mailer.rb": [
        null,
        null,
        1,
        1,
        2,
        null,
        2,
        2,
        null,
        null,
        null,
        null,
        null,
        null,
        null
      ],
      "/dpc-admin/app/mailers/application_mailer.rb": [
        null,
        null,
        1,
        1,
        1,
        null
      ],
      "/dpc-admin/app/models/organization.rb": [
        null,
        null,
        1,
        null,
        1,
        1,
        1,
        1,
        null,
        1,
        1,
        1,
        1,
        1,
        1,
        null,
        1,
        null,
        1,
        1,
        1,
        null,
        1,
        1,
        null,
        87,
        1,
        null,
        1,
        null,
        1,
        null,
        1,
        null,
        1,
        0,
        null,
        null,
        1,
        0,
        null,
        null,
        1,
        14,
        null,
        null,
        1,
        14,
        null,
        null,
        1,
        98,
        null,
        null,
        1,
        8,
        null,
        2,
        null,
        null,
        1,
        6,
        null,
        null,
        1,
        86,
        null,
        78,
        null,
        null,
        1,
        151,
        null,
        null,
        1,
        3,
        null,
        3,
        null,
        null,
        1,
        85,
        null,
        null,
        1,
        0,
        null,
        null,
        null,
        1,
        null,
        1,
        78,
        null,
        78,
        null,
        1,
        1,
        null
      ],
      "/dpc-admin/app/models/concerns/organization_typable.rb": [
        null,
        null,
        1,
        null,
        1,
        1,
        null,
        1,
        null,
        null,
        null,
        null,
        null,
        null,
        null,
        null,
        null,
        null,
        null
      ],
      "/dpc-admin/app/models/concerns/taggable.rb": [
        null,
        null,
        1,
        1,
        1,
        2,
        2,
        null,
        null,
        1,
        1,
        2,
        null,
        null,
        null,
        null,
        null,
        null,
        null,
        null,
        null
      ],
      "/dpc-admin/app/models/organization_user_assignment.rb": [
        null,
        null,
        1,
        null,
        1,
        1,
        1,
        null,
        1,
        1,
        null,
        1,
        null,
        1,
        39,
        null,
        4,
        null,
        4,
        3,
        null,
        null,
        null,
        null,
        null,
        null
      ],
      "/dpc-admin/app/models/fhir_endpoint.rb": [
        null,
        null,
        1,
        1,
        null,
        1,
        null,
        null,
        null,
        null,
        null,
        null,
        null,
        null,
        1,
        1,
        null,
        1,
        22,
        21,
        null,
        1,
        null,
        null
      ],
      "/dpc-admin/app/models/registered_organization.rb": [
        null,
        null,
        1,
        1,
        1,
        null,
        1,
        19,
        1,
        1,
        null,
        1,
        null,
        1,
        null,
        1,
        null,
        1,
        5,
        null,
        5,
        null,
        null,
        1,
        1,
        null,
        null,
        1,
        6,
        null,
        null,
        1,
        21,
        null,
        null,
        null,
        null,
        21,
        null,
        21,
        19,
        19,
        19,
        null,
        2,
        2,
        2,
        2,
        null,
        null,
        null,
        1,
        4,
        4,
        4,
        null,
        1,
        1,
        1,
        1,
        null,
        null,
        1,
        3,
        3,
        3,
        null,
        1,
        1,
        1,
        1,
        null,
        null,
        1,
        19,
        null,
        null,
        null,
        null,
        null,
        null,
        1,
        6,
        null,
        null,
        1,
        18,
        null,
        null,
        1,
        null,
        1,
        28,
        null,
        null,
        1,
        4,
        null,
        null
      ],
      "/dpc-admin/app/models/tag.rb": [
        null,
        null,
        1,
        1,
        null,
        1,
        null
      ],
      "/dpc-admin/app/models/tagging.rb": [
        null,
        null,
        1,
        1,
        1,
        null,
        1,
        1,
        null,
        1,
        null
      ],
      "/dpc-admin/app/models/user.rb": [
        null,
        null,
        1,
        null,
        1,
        1,
        1,
        null,
        1,
        1,
        1,
        1,
        null,
        null,
        null,
        null,
        null,
        null,
        null,
        null,
        1,
        null,
        1,
        1,
        1,
        null,
        1,
        4,
        null,
        null,
        1,
        3,
        null,
        null,
        1,
        1,
        null,
        null,
        null,
        1,
        1,
        null,
        null,
        null,
        1,
        3,
        null,
        null,
        null,
        null,
        1,
        3,
        null,
        null,
        null,
        null,
        null,
        1,
        6,
        null,
        null,
        null,
        null,
        null,
        null,
        1,
        null,
        null,
        null,
        null,
        1,
        null,
        1,
        3,
        3,
        3,
        3,
        3,
        3,
        3,
        84,
        21,
        null,
        21,
        3,
        3,
        3,
        null,
        null,
        null,
        84,
        null,
        3,
        null,
        null,
        null,
        null,
        1,
        81,
        null,
        null,
        1,
        24,
        null,
        null,
        1,
        12,
        null,
        null
      ],
      "/dpc-admin/app/validators/domain_exists_validator.rb": [
        null,
        null,
        1,
        1,
        1,
        null,
        101,
        null,
        0,
        null,
        101,
        null,
        null
      ],
      "/dpc-admin/app/services/base_search.rb": [
        null,
        null,
        1,
        1,
        null,
        1,
        null,
        1,
        32,
        null,
        32,
        32,
        null,
        null,
        1,
        29,
        null,
        null,
        1,
        null,
        1,
        29,
        null,
        29,
        null,
        29,
        null,
        null,
        null,
        1,
        29,
        10,
        null,
        10,
        10,
        10,
        19,
        19,
        null,
        19,
        19,
        19,
        null,
        null,
        29,
        null,
        29,
        null,
        null,
        1,
        29,
        5,
        null,
        null,
        29,
        5,
        null,
        null,
        29,
        null,
        null,
        1,
        29,
        0,
        29,
        0,
        null,
        null,
        29,
        0,
        null,
        null,
        29,
        null,
        null,
        1,
        29,
        2,
        null,
        null,
        29,
        null,
        null,
        null,
        1,
        10,
        2,
        2,
        null,
        null,
        10,
        null,
        null,
        1,
        10,
        0,
        10,
        0,
        null,
        null,
        10,
        null,
        null,
        null,
        1,
        19,
        3,
        null,
        null,
        19,
        null,
        null,
        1,
        19,
        2,
        17,
        3,
        null,
        null,
        19,
        1,
        1,
        null,
        null,
        19,
        1,
        null,
        null,
        19,
        null,
        null
      ],
      "/dpc-admin/app/services/public_key_manager.rb": [
        null,
        null,
        1,
        1,
        null,
        1,
        11,
        11,
        null,
        null,
        1,
        null,
        4,
        4,
        null,
        4,
        2,
        null,
        null,
        null,
        2,
        2,
        null,
        null,
        null,
        2,
        null,
        null,
        null,
        1,
        4,
        2,
        0,
        0,
        null,
        2,
        null,
        null,
        2,
        2,
        null,
        null,
        1,
        7,
        7,
        null,
        7,
        6,
        null,
        1,
        1,
        1,
        null,
        null,
        null,
        1,
        8,
        null,
        null
      ],
      "/dpc-admin/app/models/address.rb": [
        null,
        null,
        1,
        1,
        null,
        1,
        null,
        null,
        null,
        null,
        null,
        null,
        null,
        null,
        null,
        null,
        null,
        null,
        null,
        null,
        null,
        null,
        null,
        1,
        null,
        null,
        null,
        null,
        null,
        null,
        1,
        null,
        null,
        null,
        null,
        null,
        1,
        1,
        1,
        null
      ],
      "/dpc-admin/app/controllers/organizations_controller.rb": [
        null,
        null,
        1,
        1,
        null,
        1,
        7,
        7,
        null,
        7,
        7,
        null,
        null,
        1,
        2,
        1,
        1,
        null,
        null,
        null,
        1,
        null,
        null,
        null,
        null,
        null,
        1,
        1,
        null,
        null,
        null,
        1,
        2,
        null,
        2,
        2,
        null,
        2,
        1,
        1,
        1,
        null,
        null,
        1,
        0,
        null,
        1,
        null,
        null,
        0,
        0,
        null,
        null,
        null,
        1,
        14,
        null,
        14,
        14,
        null,
        null,
        1,
        5,
        null,
        null,
        1,
        5,
        null,
        5,
        0,
        0,
        5,
        3,
        3,
        null,
        2,
        2,
        null,
        null,
        null,
        1,
        0,
        0,
        0,
        0,
        null,
        0,
        0,
        null,
        null,
        null,
        1,
        2,
        2,
        null,
        2,
        2,
        0,
        0,
        null,
        0,
        null,
        null,
        null,
        1,
        null,
        1,
        3,
        3,
        3,
        3,
        null,
        0,
        null,
        null,
        null,
        1,
        0,
        0,
        0,
        null,
        0,
        null,
        null,
        null,
        1,
        1,
        null,
        null,
        1,
        5,
        null,
        5,
        null,
        null,
        1,
        7,
        null,
        null,
        1,
        3,
        null,
        0,
        null,
        null,
        1,
        6,
        null,
        null,
        1,
        14,
        null,
        null,
        null,
        1,
        2,
        null,
        0,
        null,
        null,
        1,
        8,
        null,
        null,
        null,
        null,
        null
      ],
      "/dpc-admin/app/controllers/application_controller.rb": [
        null,
        null,
        1,
        1,
        3,
        null,
        null,
        1,
        null,
        1,
        44,
        null,
        null,
        1,
        3,
        null,
        1,
        null
      ],
      "/dpc-admin/app/controllers/registered_organizations_controller.rb": [
        null,
        null,
        1,
        1,
        null,
        1,
        2,
        2,
        2,
        0,
        null,
        2,
        null,
        null,
        null,
        1,
        2,
        2,
        null,
        2,
        1,
        1,
        1,
        1,
        null,
        1,
        null,
        0,
        null,
        0,
        null,
        null,
        null,
        1,
        0,
        0,
        null,
        null,
        1,
        0,
        0,
        null,
        0,
        0,
        0,
        null,
        0,
        null,
        0,
        null,
        null,
        null,
        1,
        0,
        0,
        null,
        0,
        0,
        null,
        0,
        null,
        null,
        0,
        null,
        null,
        1,
        1,
        1,
        null,
        1,
        1,
        0,
        0,
        null,
        0,
        null,
        null,
        null,
        1,
        null,
        1,
        1,
        1,
        null,
        1,
        1,
        null,
        null,
        1,
        0,
        0,
        null,
        0,
        0,
        null,
        0,
        null,
        0,
        null,
        null,
        1,
        5,
        null,
        null,
        1,
        1,
        null,
        null,
        1,
        2,
        null,
        null,
        null,
        null
      ],
      "/dpc-admin/app/controllers/taggings_controller.rb": [
        null,
        null,
        1,
        1,
        null,
        1,
        4,
        4,
        4,
        null,
        0,
        null,
        null,
        4,
        null,
        null,
        1,
        2,
        2,
        2,
        null,
        0,
        null,
        null,
        2,
        null,
        null,
        1,
        null,
        1,
        6,
        3,
        3,
        3,
        null,
        null,
        null,
        1,
        4,
        null,
        null
      ],
      "/dpc-admin/app/controllers/users_controller.rb": [
        null,
        null,
        1,
        null,
        1,
        1,
        null,
        1,
        14,
        14,
        null,
        14,
        14,
        null,
        null,
        1,
        10,
        10,
        null,
        null,
        1,
        5,
        5,
        null,
        null,
        1,
        2,
        2,
        2,
        1,
        1,
        null,
        1,
        1,
        null,
        null,
        null,
        1,
        1,
        1,
        null,
        1,
        1,
        1,
        null,
        0,
        null,
        null,
        null,
        1,
        0,
        null,
        0,
        0,
        0,
        null,
        0,
        0,
        0,
        null,
        null,
        null,
        null,
        1,
        null,
        1,
        2,
        null,
        null
      ],
      "/dpc-admin/app/services/client_token_manager.rb": [
        null,
        null,
        1,
        1,
        null,
        1,
        0,
        null,
        null,
        1,
        0,
        0,
        null,
        0,
        null,
        0,
        null,
        null,
        1,
        0,
        0,
        null,
        null,
        1,
        0,
        0,
        0,
        0,
        null,
        0,
        null,
        null,
        null
      ],
      "/dpc-admin/app/controllers/auth/sessions_controller.rb": [
        null,
        null,
        1,
        1,
        null,
        null,
        null,
        null,
        null,
        null,
        null,
        null,
        null,
        null,
        null,
        null,
        null,
        null,
        null,
        null,
        null,
        null,
        null,
        null,
        null,
        null,
        null,
        null,
        null
      ],
      "/dpc-admin/app/controllers/auth/omniauth_callbacks_controller.rb": [
        null,
        null,
        1,
        1,
        null,
        null,
        null,
        1,
        1,
        1,
        1,
        1,
        null,
        0,
        null,
        null,
        null,
        null,
        null,
        null,
        null,
        null,
        null,
        null,
        null,
        null,
        null,
        null,
        null,
        null,
        1,
        null,
        null,
        null,
        null,
        null,
        null,
        1,
        1,
        1,
        null,
        null,
        null,
        1,
        1,
        null,
        null,
        null,
        null,
        null
      ],
      "/dpc-admin/app/controllers/confirmations_controller.rb": [
        null,
        null,
        0,
        null,
        0,
        null,
        0,
        0,
        0,
        0,
        0,
        0,
        0,
        0,
        null,
        0,
        null,
        0,
        0,
        0,
        0,
        null,
        0,
        0,
        0,
        0
      ],
      "/dpc-admin/app/controllers/tags_controller.rb": [
        null,
        null,
        0,
        0,
        null,
        0,
        0,
        0,
        0,
        null,
        0,
        0,
        0,
        0,
        0,
        0,
        0,
        0,
        0,
        null,
        0,
        0,
        0,
        0,
        0,
        0,
        0,
        0,
        0,
        null,
        0,
        null,
        0,
        0,
        0,
        0
      ]
    },
    "timestamp": 1726768766
  }
}
