{
  "RSpec": {
    "coverage": {
      "/dpc-portal/app/lib/dpc_json_logger.rb": [
        null,
        null,
        1,
        null,
        null,
        1,
        null,
        null,
        null,
        null,
        null,
        null,
        1,
        1,
        18,
        18,
        18,
        18,
        null,
        null,
        null,
        1,
        3,
        3,
        null,
        null,
        1,
        3,
        3,
        null,
        null,
        1,
        3,
        3,
        null,
        null,
        1,
        3,
        3,
        null,
        null,
        1,
        3,
        3,
        null,
        null,
        1,
        3,
        3,
        null,
        null,
        1,
        null,
        1,
        18,
        18,
        6,
        6,
        null,
        18,
        null,
        18,
        null,
        null
      ],
      "/dpc-portal/app/models/current_attributes.rb": [
        null,
        null,
        null,
        null,
        1,
        1,
        1,
        1,
        1,
        null,
        1,
        541,
        541,
        541,
        541,
        541,
        541,
        null,
        null,
        1,
        597,
        null,
        223,
        null,
        null,
        null,
        null,
        null,
        null,
        1,
        473,
        null,
        472,
        null,
        null,
        null,
        null,
        472,
        null,
        null,
        157,
        100,
        57,
        53,
        null,
        null,
        0,
        null,
        null,
        null,
        1,
        null,
        562,
        null,
        null,
        null,
        null,
        null,
        null,
        null,
        null,
        null,
        null
      ],
      "/dpc-portal/app/models/user.rb": [
        null,
        null,
        null,
        1,
        null,
        null,
        1,
        null,
        null,
        null,
        1,
        null,
        1,
        null,
        1,
        null,
        null,
        1,
        1,
        null,
        1,
        1,
        null,
        1,
        null,
        null,
        558,
        null,
        null,
        1,
        50,
        null,
        null,
        null,
        1,
        80,
        null,
        null,
        1,
        239,
        null,
        null,
        1,
        140,
        null,
        null
      ],
      "/dpc-portal/app/components/core/alert/component.rb": [
        null,
        null,
        1,
        1,
        null,
        1,
        1,
        null,
        1,
        27,
        27,
        27,
        27,
        null,
        null,
        null,
        null
      ],
      "/dpc-portal/app/components/core/button/button_component.rb": [
        null,
        null,
        1,
        1,
        null,
        1,
        1,
        null,
        1,
        369,
        369,
        369,
        369,
        369,
        369,
        null,
        null,
        1,
        370,
        370,
        370,
        null,
        null,
        null,
        null
      ],
      "/dpc-portal/app/components/core/card/basic_component.rb": [
        null,
        null,
        1,
        1,
        null,
        1,
        1,
        null,
        1,
        234,
        234,
        234,
        null,
        null,
        null,
        null
      ],
      "/dpc-portal/app/components/core/card/organization_card_component.rb": [
        null,
        null,
        1,
        1,
        null,
        1,
        1,
        1,
        13,
        13,
        13,
        null,
        null,
        1,
        20,
        20,
        4,
        null,
        16,
        2,
        null,
        14,
        8,
        null,
        6,
        null,
        null,
        null,
        null,
        null
      ],
      "/dpc-portal/app/components/core/combo_box/combo_box_component.rb": [
        null,
        null,
        1,
        1,
        null,
        1,
        1,
        3,
        3,
        3,
        3,
        3,
        null,
        null,
        null,
        null
      ],
      "/dpc-portal/app/components/core/form/masked_input_component.rb": [
        null,
        null,
        1,
        1,
        null,
        1,
        1,
        null,
        null,
        1,
        43,
        43,
        43,
        43,
        43,
        43,
        43,
        43,
        43,
        null,
        40,
        40,
        40,
        null,
        null,
        null,
        null,
        null,
        null
      ],
      "/dpc-portal/app/components/core/form/text_area_component.rb": [
        null,
        null,
        1,
        1,
        null,
        1,
        1,
        null,
        1,
        22,
        22,
        22,
        22,
        22,
        22,
        22,
        22,
        null,
        null,
        null,
        null
      ],
      "/dpc-portal/app/components/core/form/text_input_component.rb": [
        null,
        null,
        1,
        1,
        null,
        1,
        1,
        null,
        null,
        1,
        219,
        219,
        219,
        219,
        219,
        219,
        219,
        219,
        219,
        219,
        null,
        null,
        null,
        null,
        null
      ],
      "/dpc-portal/app/components/core/icon/uswds_component.rb": [
        null,
        null,
        1,
        1,
        null,
        1,
        1,
        47,
        47,
        47,
        47,
        null,
        null,
        1,
        50,
        50,
        50,
        null,
        null,
        null,
        null
      ],
      "/dpc-portal/app/components/core/modal/modal_component.rb": [
        null,
        null,
        1,
        1,
        null,
        1,
        1,
        null,
        null,
        1,
        157,
        157,
        157,
        157,
        157,
        157,
        null,
        null,
        null,
        null
      ],
      "/dpc-portal/app/components/core/navigation/step_indicator_component.rb": [
        null,
        null,
        1,
        1,
        null,
        null,
        null,
        null,
        null,
        1,
        1,
        110,
        110,
        110,
        null,
        null,
        null,
        null
      ],
      "/dpc-portal/app/components/core/navigation/tabbed_component.rb": [
        null,
        null,
        1,
        1,
        null,
        null,
        null,
        null,
        null,
        1,
        null,
        null,
        null,
        null,
        1,
        26,
        26,
        26,
        26,
        49,
        null,
        26,
        75,
        null,
        null,
        null,
        null
      ],
      "/dpc-portal/app/components/core/site_header/component.rb": [
        null,
        null,
        1,
        1,
        null,
        1,
        1,
        null,
        1,
        372,
        372,
        null,
        null,
        null,
        null
      ],
      "/dpc-portal/app/components/core/table/header_component.rb": [
        null,
        null,
        1,
        1,
        null,
        1,
        1,
        null,
        1,
        73,
        73,
        73,
        73,
        null,
        null,
        null,
        null
      ],
      "/dpc-portal/app/components/core/table/row_component.rb": [
        null,
        null,
        1,
        1,
        null,
        1,
        1,
        null,
        1,
        null,
        1,
        127,
        127,
        127,
        127,
        127,
        127,
        127,
        376,
        null,
        null,
        null,
        1,
        null,
        376,
        null,
        null,
        147,
        145,
        null,
        2,
        null,
        null,
        null,
        null
      ],
      "/dpc-portal/app/components/core/table/table_component.rb": [
        null,
        null,
        1,
        1,
        null,
        1,
        1,
        null,
        1,
        73,
        73,
        73,
        73,
        null,
        null,
        1,
        78,
        78,
        78,
        null,
        null,
        null,
        null
      ],
      "/dpc-portal/app/components/page/client_token/new_token_component.rb": [
        null,
        null,
        1,
        1,
        null,
        1,
        1,
        null,
        1,
        5,
        5,
        5,
        null,
        null,
        null,
        null
      ],
      "/dpc-portal/app/components/page/client_token/show_token_component.rb": [
        null,
        null,
        1,
        1,
        null,
        1,
        1,
        null,
        1,
        3,
        3,
        3,
        null,
        null,
        null,
        null
      ],
      "/dpc-portal/app/components/page/credential_delegate/invitation_success_component.rb": [
        null,
        null,
        1,
        1,
        null,
        1,
        1,
        null,
        1,
        2,
        2,
        null,
        null,
        null,
        null
      ],
      "/dpc-portal/app/components/page/credential_delegate/list_component.rb": [
        null,
        null,
        1,
        1,
        null,
        1,
        1,
        null,
        1,
        27,
        27,
        27,
        27,
        null,
        null,
        null,
        null
      ],
      "/dpc-portal/app/components/page/credential_delegate/new_invitation_component.rb": [
        null,
        null,
        1,
        1,
        null,
        1,
        1,
        null,
        1,
        21,
        21,
        21,
        null,
        null,
        null,
        null
      ],
      "/dpc-portal/app/components/page/invitations/accept_invitation_component.rb": [
        null,
        null,
        1,
        1,
        null,
        1,
        1,
        35,
        35,
        35,
        35,
        null,
        null,
        null,
        null
      ],
      "/dpc-portal/app/components/page/invitations/ao_flow_fail_component.rb": [
        null,
        null,
        1,
        1,
        null,
        1,
        1,
        18,
        18,
        18,
        18,
        18,
        3,
        null,
        15,
        null,
        18,
        18,
        null,
        null,
        null,
        null
      ],
      "/dpc-portal/app/components/page/invitations/bad_invitation_component.rb": [
        null,
        null,
        1,
        1,
        null,
        1,
        1,
        105,
        105,
        105,
        105,
        105,
        0,
        null,
        105,
        null,
        105,
        105,
        null,
        null,
        null,
        null
      ],
      "/dpc-portal/app/components/page/invitations/invitation_login_component.rb": [
        null,
        null,
        1,
        1,
        null,
        1,
        1,
        35,
        35,
        35,
        null,
        null,
        null,
        null,
        null,
        null,
        null,
        null,
        null
      ],
      "/dpc-portal/app/components/page/invitations/otp_component.rb": [
        null,
        null,
        1,
        1,
        null,
        1,
        1,
        13,
        13,
        13,
        null,
        null,
        null,
        null
      ],
      "/dpc-portal/app/components/page/invitations/register_component.rb": [
        null,
        null,
        1,
        1,
        null,
        1,
        1,
        37,
        37,
        37,
        null,
        null,
        null,
        null
      ],
      "/dpc-portal/app/components/page/invitations/start_component.rb": [
        null,
        null,
        1,
        1,
        null,
        1,
        1,
        8,
        8,
        8,
        8,
        8,
        8,
        8,
        null,
        null,
        null,
        null,
        null,
        null,
        null,
        null
      ],
      "/dpc-portal/app/components/page/invitations/success_component.rb": [
        null,
        null,
        1,
        1,
        null,
        1,
        1,
        29,
        29,
        29,
        null,
        null,
        null,
        null
      ],
      "/dpc-portal/app/components/page/ip_address/new_address_component.rb": [
        null,
        null,
        1,
        1,
        null,
        1,
        1,
        null,
        1,
        7,
        7,
        7,
        null,
        null,
        null,
        null
      ],
      "/dpc-portal/app/components/page/organization/compound_show_component.rb": [
        null,
        null,
        1,
        1,
        null,
        1,
        1,
        24,
        24,
        null,
        24,
        24,
        24,
        24,
        null,
        null,
        null,
        null
      ],
      "/dpc-portal/app/components/page/organization/credentials_component.rb": [
        null,
        null,
        1,
        1,
        null,
        1,
        1,
        null,
        1,
        51,
        51,
        null,
        null,
        null,
        null
      ],
      "/dpc-portal/app/components/page/organization/new_organization_component.rb": [
        null,
        null,
        1,
        1,
        null,
        1,
        1,
        null,
        1,
        7,
        7,
        null,
        null,
        null,
        null
      ],
      "/dpc-portal/app/components/page/organization/new_organization_success_component.rb": [
        null,
        null,
        1,
        1,
        null,
        1,
        1,
        2,
        2,
        null,
        null,
        null,
        null
      ],
      "/dpc-portal/app/components/page/organization/organization_list_component.rb": [
        null,
        null,
        1,
        1,
        null,
        1,
        1,
        50,
        50,
        50,
        null,
        null,
        1,
        54,
        null,
        null,
        null,
        null
      ],
      "/dpc-portal/app/components/page/organization/tos_form_component.rb": [
        null,
        null,
        1,
        1,
        null,
        1,
        1,
        null,
        1,
        6,
        6,
        null,
        null,
        null,
        null
      ],
      "/dpc-portal/app/components/page/public_key/new_key_component.rb": [
        null,
        null,
        1,
        1,
        null,
        1,
        1,
        null,
        1,
        6,
        6,
        6,
        null,
        null,
        null,
        null
      ],
      "/dpc-portal/app/components/page/session/login_component.rb": [
        null,
        null,
        1,
        1,
        null,
        1,
        1,
        4,
        4,
        null,
        null,
        null,
        null
      ],
      "/dpc-portal/app/components/page/utility/access_denied_component.rb": [
        null,
        null,
        1,
        1,
        null,
        1,
        1,
        30,
        30,
        30,
        null,
        null,
        null,
        null
      ],
      "/dpc-portal/app/jobs/sync_organization_job.rb": [
        null,
        null,
        null,
        1,
        1,
        null,
        null,
        1,
        null,
        5,
        null,
        1,
        1,
        null,
        null,
        4,
        4,
        2,
        2,
        1,
        1,
        1,
        null,
        1,
        1,
        null,
        null,
        null,
        null,
        1,
        null,
        1,
        2,
        null,
        2,
        null,
        null,
        null,
        2,
        2,
        1,
        1,
        1,
        null,
        1,
        1,
        null,
        null,
        null,
        null,
        1,
        6,
        null,
        null,
        null,
        1,
        null,
        null,
        1,
        null,
        1,
        null,
        null,
        1,
        2,
        2,
        2,
        2,
        2,
        2,
        2,
        2,
        2,
        2,
        null,
        null,
        null
      ],
      "/dpc-portal/app/jobs/verify_ao_job.rb": [
        null,
        null,
        null,
        null,
        null,
        null,
        1,
        1,
        1,
        null,
        1,
        21,
        21,
        21,
        64,
        64,
        53,
        null,
        11,
        null,
        19,
        4,
        null,
        15,
        null,
        null,
        null,
        1,
        64,
        53,
        null,
        null,
        1,
        53,
        53,
        53,
        53,
        null,
        null,
        null,
        1,
        11,
        11,
        11,
        null,
        2,
        null,
        4,
        null,
        2,
        null,
        3,
        null,
        null,
        10,
        null,
        null,
        1,
        4,
        4,
        4,
        null,
        null,
        1,
        40,
        null,
        null,
        null,
        1,
        4,
        6,
        6,
        6,
        null,
        null,
        null,
        null,
        null,
        null,
        null,
        null,
        1,
        null,
        1,
        64,
        64,
        null,
        null
      ],
      "/dpc-portal/app/concerns/verification.rb": [
        null,
        null,
        null,
        1,
        1,
        null,
        1,
        2,
        69,
        null,
        null,
        2,
        69,
        null,
        null,
        2,
        60,
        null,
        null,
        null,
        null,
        2,
        25,
        null,
        null,
        2,
        8,
        8,
        18,
        17,
        null,
        null,
        null,
        2,
        27,
        null,
        null,
        null,
        null,
        null,
        null,
        null,
        2,
        23,
        null,
        null,
        2,
        104,
        2,
        null,
        null,
        null,
        104,
        null,
        1,
        null,
        null,
        null,
        null,
        null
      ],
      "/dpc-portal/app/jobs/verify_provider_organization_job.rb": [
        null,
        null,
        null,
        null,
        null,
        null,
        1,
        1,
        1,
        null,
        1,
        15,
        15,
        15,
        57,
        57,
        51,
        51,
        null,
        6,
        null,
        14,
        null,
        4,
        null,
        null,
        1,
        6,
        6,
        null,
        null,
        null,
        1,
        29,
        null,
        null,
        null
      ],
      "/dpc-portal/app/mailers/invitation_mailer.rb": [
        null,
        null,
        null,
        1,
        1,
        2,
        2,
        null,
        null,
        null,
        null,
        null,
        1,
        10,
        10,
        10,
        10,
        10,
        null,
        null,
        null,
        null,
        null
      ],
      "/dpc-portal/app/models/ao_org_link.rb": [
        null,
        null,
        null,
        1,
        1,
        null,
        1,
        null,
        1,
        null,
        1,
        null,
        null,
        1,
        null,
        1,
        1,
        1,
        null
      ],
      "/dpc-portal/app/models/cd_org_link.rb": [
        null,
        null,
        null,
        1,
        1,
        1,
        1,
        null,
        1,
        5,
        null,
        null,
        null,
        null,
        null,
        1,
        10,
        null,
        null
      ],
      "/dpc-portal/app/models/credential_audit_log.rb": [
        null,
        null,
        null,
        1,
        1,
        1,
        1,
        null,
        null,
        1,
        null
      ],
      "/dpc-portal/app/services/user_info_service.rb": [
        null,
        null,
        null,
        1,
        1,
        null,
        1,
        7,
        null,
        4,
        null,
        null,
        1,
        null,
        1,
        4,
        null,
        null,
        1,
        7,
        6,
        5,
        null,
        null,
        1,
        4,
        4,
        3,
        3,
        null,
        1,
        null,
        1,
        null,
        1,
        1,
        null,
        null,
        1,
        1,
        1,
        null,
        4,
        null,
        null,
        1,
        1,
        null,
        1,
        null,
        null,
        1,
        4,
        4,
        null,
        null,
        null,
        null,
        null,
        4,
        null,
        null,
        null,
        1,
        4,
        4,
        null,
        null,
        null,
        null,
        null,
        null,
        null,
        null,
        null,
        null,
        1
      ],
      "/dpc-portal/app/models/invitation.rb": [
        null,
        null,
        null,
        1,
        1,
        null,
        1,
        1,
        1,
        1,
        1,
        1,
        null,
        1,
        1,
        null,
        1,
        1,
        null,
        1,
        null,
        1,
        null,
        1,
        234,
        234,
        null,
        null,
        1,
        8,
        null,
        null,
        1,
        25,
        null,
        null,
        1,
        260,
        null,
        null,
        1,
        4,
        null,
        null,
        null,
        null,
        null,
        1,
        94,
        null,
        null,
        1,
        472,
        null,
        null,
        1,
        56,
        null,
        null,
        null,
        1,
        11,
        null,
        4,
        null,
        null,
        null,
        null,
        4,
        null,
        4,
        4,
        null,
        null,
        4,
        null,
        null,
        1,
        68,
        32,
        36,
        36,
        null,
        null,
        null,
        1,
        30,
        null,
        27,
        27,
        null,
        27,
        null,
        21,
        null,
        null,
        1,
        319,
        295,
        249,
        247,
        null,
        245,
        31,
        214,
        37,
        null,
        null,
        null,
        1,
        9,
        9,
        9,
        9,
        null,
        null,
        1,
        null,
        1,
        32,
        null,
        29,
        null,
        null,
        25,
        null,
        23,
        null,
        null,
        1,
        32,
        93,
        null,
        null,
        null,
        1,
        59,
        null,
        57,
        null,
        null,
        1,
        182,
        null,
        8,
        8,
        null,
        null,
        null,
        null,
        1,
        25,
        25,
        23,
        2,
        1,
        1,
        1,
        null,
        null,
        null,
        null,
        1,
        739,
        null,
        2,
        null,
        null,
        1,
        1478,
        null,
        null,
        null,
        1
      ],
      "/dpc-portal/app/models/provider_organization.rb": [
        null,
        null,
        null,
        1,
        1,
        null,
        1,
        1,
        null,
        1,
        null,
        null,
        1,
        1,
        null,
        1,
        null,
        1,
        1,
        null,
        1,
        null,
        1,
        672,
        null,
        null,
        1,
        36,
        36,
        0,
        0,
        null,
        36,
        null,
        null,
        1,
        36,
        36,
        0,
        0,
        null,
        36,
        null,
        null,
        1,
        36,
        36,
        0,
        0,
        null,
        36,
        null,
        null,
        1,
        0,
        null,
        null,
        1,
        173,
        null,
        null,
        1,
        null,
        1,
        224,
        null,
        null,
        4,
        4,
        6,
        6,
        null,
        null,
        null,
        0,
        null,
        null,
        null,
        null,
        1,
        3,
        null,
        3,
        3,
        null,
        3,
        null,
        null
      ],
      "/dpc-portal/app/services/ao_invitation_service.rb": [
        null,
        null,
        null,
        1,
        1,
        6,
        5,
        null,
        null,
        6,
        null,
        null,
        null,
        null,
        6,
        null,
        null,
        null,
        6,
        null,
        6,
        null,
        null,
        1,
        8,
        null,
        7,
        7,
        null,
        6,
        null,
        null,
        1,
        null,
        1,
        7,
        null,
        null,
        null,
        1
      ],
      "/dpc-portal/app/services/ao_verification_service.rb": [
        null,
        null,
        null,
        1,
        1,
        null,
        1,
        81,
        null,
        null,
        1,
        39,
        24,
        null,
        5,
        null,
        10,
        null,
        null,
        1,
        109,
        87,
        null,
        81,
        null,
        null,
        1,
        57,
        57,
        null,
        57,
        57,
        null,
        162,
        54,
        null,
        51,
        null,
        null,
        1,
        null,
        1,
        87,
        87,
        87,
        null,
        81,
        null,
        null,
        1,
        247,
        247,
        null,
        238,
        238,
        12,
        12,
        null,
        12,
        null,
        null,
        226,
        null,
        null,
        1,
        247,
        null,
        9,
        9,
        null,
        9,
        null,
        null,
        1,
        109,
        104,
        null,
        103,
        103,
        null,
        300,
        100,
        null,
        96,
        null,
        null,
        1,
        96,
        96,
        214,
        null,
        null,
        null,
        9,
        null,
        null,
        1,
        214,
        null,
        127,
        null,
        87,
        null,
        null,
        null,
        1,
        5,
        3,
        3,
        2,
        1,
        1,
        null,
        1,
        1,
        null,
        null,
        null,
        1,
        10,
        10,
        null,
        null,
        null,
        1
      ],
      "/dpc-portal/app/services/client_token_manager.rb": [
        null,
        null,
        null,
        1,
        1,
        null,
        1,
        13,
        null,
        null,
        1,
        5,
        5,
        null,
        5,
        null,
        5,
        null,
        null,
        1,
        6,
        6,
        6,
        null,
        null,
        1,
        2,
        2,
        2,
        1,
        null,
        1,
        null,
        null,
        null
      ],
      "/dpc-portal/app/services/cpi_api_gateway_client.rb": [
        null,
        null,
        1,
        null,
        null,
        1,
        1,
        null,
        1,
        102,
        102,
        102,
        102,
        102,
        102,
        102,
        null,
        null,
        null,
        null,
        null,
        102,
        null,
        null,
        null,
        1,
        170,
        170,
        170,
        170,
        null,
        null,
        167,
        167,
        null,
        null,
        null,
        1,
        null,
        90,
        null,
        null,
        null,
        null,
        null,
        null,
        null,
        null,
        null,
        null,
        90,
        null,
        null,
        null,
        1,
        null,
        13,
        null,
        null,
        null,
        null,
        null,
        null,
        null,
        13,
        null,
        null,
        1,
        null,
        1,
        102,
        null,
        null,
        1,
        273,
        273,
        null,
        null,
        1,
        103,
        103,
        103,
        null,
        null,
        103,
        103,
        null,
        null,
        1,
        273,
        null,
        273,
        273,
        null,
        null,
        null,
        null,
        null,
        null,
        null,
        1,
        270,
        null,
        null,
        null,
        null,
        null,
        null,
        null,
        270,
        null,
        null
      ],
      "/dpc-portal/app/services/ip_address_manager.rb": [
        null,
        null,
        null,
        1,
        1,
        null,
        1,
        null,
        1,
        19,
        19,
        null,
        null,
        null,
        1,
        11,
        2,
        null,
        null,
        9,
        9,
        9,
        4,
        null,
        null,
        5,
        5,
        null,
        5,
        2,
        2,
        null,
        null,
        5,
        null,
        null,
        null,
        null,
        1,
        6,
        6,
        null,
        6,
        3,
        3,
        null,
        null,
        6,
        null,
        null,
        1,
        2,
        2,
        null,
        2,
        1,
        null,
        1,
        1,
        1,
        null,
        null,
        null,
        1,
        null,
        1,
        11,
        11,
        11,
        null,
        null,
        1,
        9,
        7,
        null,
        2,
        2,
        null,
        null,
        1,
        7,
        7,
        null,
        null,
        1,
        18,
        null,
        null
      ],
      "/dpc-portal/app/services/public_key_manager.rb": [
        null,
        null,
        null,
        1,
        1,
        null,
        1,
        17,
        17,
        null,
        null,
        1,
        9,
        9,
        null,
        9,
        null,
        5,
        5,
        null,
        null,
        null,
        5,
        5,
        null,
        null,
        null,
        1,
        9,
        7,
        2,
        2,
        null,
        5,
        null,
        null,
        2,
        2,
        null,
        null,
        1,
        6,
        6,
        6,
        6,
        null,
        null,
        1,
        2,
        2,
        null,
        2,
        1,
        null,
        1,
        1,
        1,
        null,
        null,
        null,
        1,
        18,
        null,
        null
      ],
      "/dpc-portal/app/controllers/application_controller.rb": [
        null,
        null,
        null,
        1,
        1,
        1,
        1,
        1,
        1,
        null,
        1,
        null,
        1,
        null,
        1,
        163,
        null,
        5,
        null,
        null,
        1,
        61,
        null,
        8,
        4,
        null,
        4,
        4,
        null,
        null,
        null,
        null,
        1,
        5,
        5,
        5,
        null,
        null,
        null,
        null,
        null,
        null,
        1,
        543,
        null,
        null,
        null,
        1,
        542,
        542,
        542,
        null,
        1,
        1,
        1,
        null,
        null,
        1,
        null,
        null,
        null,
        1,
        343,
        null,
        null,
        1,
        371,
        369,
        null,
        2,
        null,
        null,
        1,
        75,
        null,
        75,
        null,
        null,
        1,
        27,
        null,
        27,
        null,
        null,
        1,
        102,
        18,
        18,
        null,
        null,
        84,
        84,
        null,
        5,
        5,
        null,
        null,
        1,
        18,
        18,
        null,
        null,
        1,
        541,
        541,
        541,
        null,
        null,
        1,
        12,
        null,
        null,
        null,
        12,
        null,
        0,
        null,
        null
      ],
      "/dpc-portal/app/controllers/client_tokens_controller.rb": [
        null,
        null,
        null,
        1,
        1,
        1,
        1,
        1,
        1,
        null,
        1,
        1,
        null,
        null,
        1,
        5,
        null,
        3,
        3,
        2,
        2,
        2,
        null,
        1,
        1,
        null,
        null,
        null,
        1,
        4,
        4,
        2,
        2,
        null,
        2,
        null,
        4,
        null,
        null,
        1,
        null,
        1,
        5,
        null,
        null,
        1,
        3,
        3,
        null,
        null,
        1,
        1,
        null,
        null
      ],
      "/dpc-portal/app/controllers/credential_delegate_invitations_controller.rb": [
        null,
        null,
        null,
        1,
        1,
        1,
        1,
        1,
        1,
        1,
        null,
        1,
        1,
        null,
        null,
        null,
        1,
        7,
        null,
        7,
        5,
        null,
        null,
        5,
        5,
        5,
        null,
        null,
        5,
        null,
        2,
        null,
        null,
        null,
        null,
        1,
        1,
        null,
        null,
        1,
        4,
        2,
        null,
        2,
        null,
        4,
        null,
        null,
        1,
        null,
        1,
        2,
        1,
        null,
        1,
        null,
        null,
        null,
        1,
        7,
        null,
        7,
        null,
        null,
        null,
        7,
        null,
        null,
        1,
        5,
        5,
        null,
        1,
        1,
        null,
        null
      ],
      "/dpc-portal/app/controllers/invitations_controller.rb": [
        null,
        null,
        null,
        1,
        1,
        1,
        1,
        1,
        1,
        1,
        null,
        1,
        4,
        null,
        null,
        null,
        1,
        36,
        36,
        null,
        32,
        null,
        null,
        1,
        29,
        1,
        null,
        null,
        28,
        28,
        null,
        19,
        19,
        null,
        null,
        null,
        1,
        2,
        null,
        null,
        1,
        32,
        null,
        25,
        25,
        25,
        null,
        null,
        1,
        7,
        7,
        1,
        null,
        null,
        null,
        6,
        6,
        6,
        null,
        null,
        1,
        21,
        1,
        null,
        null,
        20,
        20,
        null,
        15,
        15,
        null,
        null,
        null,
        1,
        30,
        2,
        null,
        null,
        28,
        null,
        28,
        28,
        28,
        null,
        null,
        28,
        null,
        null,
        1,
        10,
        10,
        null,
        null,
        10,
        null,
        null,
        null,
        null,
        null,
        null,
        null,
        null,
        10,
        null,
        null,
        1,
        4,
        1,
        null,
        3,
        null,
        4,
        null,
        null,
        1,
        null,
        1,
        56,
        52,
        5,
        null,
        null,
        52,
        52,
        52,
        null,
        4,
        null,
        null,
        1,
        28,
        26,
        19,
        19,
        null,
        5,
        5,
        5,
        null,
        4,
        null,
        null,
        1,
        8,
        null,
        null,
        8,
        1,
        7,
        1,
        null,
        null,
        6,
        null,
        null,
        null,
        null,
        1,
        10,
        5,
        null,
        5,
        null,
        10,
        10,
        null,
        null,
        1,
        28,
        13,
        15,
        15,
        null,
        0,
        null,
        0,
        null,
        null,
        null,
        1,
        13,
        13,
        null,
        null,
        13,
        null,
        null,
        1,
        15,
        15,
        null,
        null,
        15,
        15,
        15,
        null,
        null,
        1,
        28,
        28,
        20,
        20,
        null,
        28,
        28,
        null,
        null,
        1,
        20,
        20,
        20,
        20,
        null,
        null,
        1,
        28,
        28,
        28,
        28,
        null,
        null,
        1,
        267,
        256,
        11,
        null,
        null,
        11,
        null,
        null,
        1,
        241,
        null,
        66,
        36,
        null,
        null,
        30,
        30,
        null,
        null,
        null,
        66,
        null,
        null,
        null,
        1,
        70,
        null,
        null,
        1,
        59,
        null,
        null,
        1,
        122,
        null,
        null,
        116,
        null,
        null,
        6,
        null,
        null,
        1,
        5,
        2,
        null,
        null,
        3,
        null,
        null,
        null,
        null,
        null,
        null,
        null,
        1,
        20,
        9,
        null,
        null,
        11,
        11,
        null,
        null,
        null,
        null,
        null,
        1,
        19,
        1,
        null,
        null,
        null,
        null,
        19,
        null,
        1,
        null,
        null,
        null,
        null,
        null,
        null,
        1,
        10,
        null,
        10,
        null,
        0,
        null,
        0,
        null,
        null
      ],
      "/dpc-portal/app/controllers/login_dot_gov_controller.rb": [
        null,
        null,
        null,
        1,
        1,
        null,
        1,
        80,
        null,
        80,
        80,
        10,
        10,
        10,
        null,
        null,
        null,
        80,
        80,
        null,
        null,
        1,
        6,
        6,
        4,
        2,
        0,
        0,
        null,
        2,
        2,
        null,
        null,
        null,
        null,
        null,
        1,
        2,
        1,
        1,
        null,
        null,
        2,
        null,
        null,
        null,
        1,
        2,
        null,
        null,
        1,
        null,
        1,
        4,
        null,
        null,
        4,
        4,
        2,
        null,
        null,
        2,
        null,
        null,
        null,
        null,
        1,
        71,
        null,
        null,
        1,
        80,
        null,
        80,
        null,
        71,
        71,
        71,
        null,
        null,
        1,
        80,
        4,
        4,
        null,
        null,
        4,
        null,
        76,
        null,
        null
      ],
      "/dpc-portal/app/controllers/organizations_controller.rb": [
        null,
        null,
        null,
        1,
        1,
        1,
        1,
        1,
        1,
        1,
        1,
        null,
        1,
        46,
        50,
        46,
        null,
        null,
        1,
        12,
        12,
        8,
        null,
        null,
        8,
        null,
        12,
        null,
        null,
        1,
        1,
        null,
        null,
        1,
        5,
        3,
        null,
        null,
        5,
        null,
        5,
        null,
        null,
        1,
        1,
        null,
        null,
        1,
        2,
        2,
        2,
        2,
        null,
        null,
        2,
        null,
        null,
        1,
        1,
        null,
        null,
        1,
        7,
        1,
        6,
        1,
        null,
        null,
        7,
        null,
        null,
        1,
        null,
        1,
        28,
        null,
        null,
        1,
        5,
        1,
        1,
        1,
        4,
        1,
        null,
        3,
        null,
        null,
        null,
        1,
        2,
        1,
        null,
        null
      ],
      "/dpc-portal/app/controllers/ip_addresses_controller.rb": [
        null,
        null,
        null,
        1,
        1,
        1,
        1,
        1,
        1,
        null,
        1,
        1,
        null,
        null,
        null,
        1,
        7,
        7,
        7,
        2,
        2,
        2,
        null,
        5,
        5,
        null,
        null,
        null,
        1,
        4,
        4,
        2,
        2,
        null,
        2,
        null,
        4,
        null,
        null,
        null
      ],
      "/dpc-portal/app/controllers/public_keys_controller.rb": [
        null,
        null,
        null,
        1,
        1,
        1,
        1,
        1,
        1,
        null,
        1,
        1,
        null,
        null,
        null,
        1,
        6,
        4,
        null,
        3,
        null,
        3,
        null,
        null,
        null,
        null,
        null,
        3,
        2,
        2,
        2,
        null,
        1,
        null,
        null,
        null,
        null,
        1,
        4,
        4,
        2,
        2,
        2,
        null,
        2,
        null,
        null,
        null,
        1,
        0,
        null,
        null,
        1,
        null,
        1,
        4,
        4,
        null,
        null,
        1,
        6,
        null,
        null,
        1,
        4,
        null,
        null
      ],
      "/dpc-portal/app/controllers/users/sessions_controller.rb": [
        null,
        null,
        1,
        null,
        1,
        1,
        null,
        1,
        3,
        null,
        null,
        3,
        3,
        null,
        null,
        null
      ],
      "/dpc-portal/app/controllers/foo_controller.rb": [
        null,
        null,
        null,
        0,
        0,
        0,
        0,
        0,
        0,
        0,
        null,
        0,
        0,
        0,
        null,
        null,
        0,
        0,
        null,
        0,
        0,
        0,
        0,
        0,
        0,
        0,
        0,
        0,
        0,
        0,
        0,
        0,
        0,
        null,
        null,
        0,
        0,
        0,
        null,
        0,
        0,
        0,
        0,
        0,
        0,
        0,
        0,
        null,
        0,
        null,
        0,
        0,
        0,
        0,
        0,
        0,
        0,
        null,
        0,
        0,
        0,
        0,
        0,
        0,
        0,
        0,
        0,
        null,
        0,
        0,
        0,
        null,
        0,
        0,
        0,
        0
      ]
    },
    "timestamp": 1726764258
  }
}
