{
  "RSpec": {
    "coverage": {
      "/dpc-portal/app/lib/dpc_json_logger.rb": [
        null,
        null,
        1,
        null,
        null,
        1,
        null,
        null,
        null,
        null,
        null,
        null,
        1,
        1,
        0,
        0,
        0,
        0,
        null,
        null,
        null,
        1,
        0,
        0,
        null,
        null,
        1,
        0,
        0,
        null,
        null,
        1,
        0,
        0,
        null,
        null,
        1,
        0,
        0,
        null,
        null,
        1,
        0,
        0,
        null,
        null,
        1,
        0,
        0,
        null,
        null,
        1,
        null,
        1,
        0,
        0,
        0,
        0,
        null,
        0,
        null,
        0,
        null,
        null
      ],
      "/dpc-portal/app/models/current_attributes.rb": [
        null,
        null,
        null,
        null,
        1,
        1,
        1,
        1,
        1,
        null,
        1,
        539,
        539,
        539,
        539,
        539,
        539,
        null,
        null,
        1,
        539,
        null,
        166,
        null,
        null,
        null,
        null,
        null,
        null,
        1,
        369,
        null,
        369,
        null,
        null,
        null,
        null,
        369,
        null,
        null,
        102,
        45,
        57,
        53,
        null,
        null,
        0,
        null,
        null,
        null,
        1,
        null,
        541,
        null,
        null,
        null,
        null,
        null,
        null,
        null,
        null,
        null,
        null
      ],
      "/dpc-portal/app/models/user.rb": [
        null,
        null,
        null,
        1,
        null,
        null,
        1,
        null,
        null,
        null,
        1,
        null,
        1,
        null,
        1,
        null,
        null,
        1,
        1,
        null,
        1,
        1,
        null,
        1,
        null,
        null,
        376,
        null,
        null,
        1,
        46,
        null,
        null,
        null,
        1,
        75,
        null,
        null,
        1,
        175,
        null,
        null,
        1,
        132,
        null,
        null
      ],
      "/dpc-portal/app/models/provider_organization.rb": [
        null,
        null,
        null,
        1,
        1,
        null,
        1,
        1,
        null,
        1,
        null,
        null,
        1,
        1,
        null,
        1,
        null,
        1,
        1,
        null,
        1,
        null,
        1,
        371,
        null,
        null,
        1,
        12,
        12,
        0,
        0,
        null,
        12,
        null,
        null,
        1,
        12,
        12,
        0,
        0,
        null,
        12,
        null,
        null,
        1,
        12,
        12,
        0,
        0,
        null,
        12,
        null,
        null,
        1,
        0,
        null,
        null,
        1,
        89,
        null,
        null,
        1,
        null,
        1,
        22,
        null,
        null,
        0,
        0,
        0,
        0,
        null,
        null,
        null,
        0,
        null,
        null,
        null,
        null,
        1,
        0,
        null,
        0,
        0,
        null,
        0,
        null,
        null
      ],
      "/dpc-portal/app/models/cd_org_link.rb": [
        null,
        null,
        null,
        1,
        1,
        1,
        1,
        null,
        1,
        1,
        null,
        null,
        null,
        null,
        null,
        1,
        2,
        null,
        null
      ],
      "/dpc-portal/app/models/invitation.rb": [
        null,
        null,
        null,
        1,
        1,
        null,
        1,
        1,
        1,
        1,
        1,
        1,
        null,
        1,
        1,
        null,
        1,
        1,
        null,
        1,
        null,
        1,
        null,
        1,
        165,
        165,
        null,
        null,
        1,
        7,
        null,
        null,
        1,
        25,
        null,
        null,
        1,
        255,
        null,
        null,
        1,
        1,
        null,
        null,
        null,
        null,
        null,
        1,
        86,
        null,
        null,
        1,
        454,
        null,
        null,
        1,
        52,
        null,
        null,
        null,
        1,
        4,
        null,
        1,
        null,
        null,
        null,
        null,
        1,
        null,
        1,
        1,
        null,
        null,
        1,
        null,
        null,
        1,
        52,
        19,
        33,
        33,
        null,
        null,
        null,
        1,
        26,
        null,
        24,
        24,
        null,
        24,
        null,
        19,
        null,
        null,
        1,
        308,
        286,
        242,
        242,
        null,
        241,
        30,
        211,
        36,
        null,
        null,
        null,
        1,
        4,
        4,
        4,
        4,
        null,
        null,
        1,
        null,
        1,
        19,
        null,
        19,
        null,
        null,
        17,
        null,
        16,
        null,
        null,
        1,
        19,
        57,
        null,
        null,
        null,
        1,
        49,
        null,
        49,
        null,
        null,
        1,
        132,
        null,
        2,
        2,
        null,
        null,
        null,
        null,
        1,
        17,
        17,
        17,
        0,
        0,
        0,
        0,
        null,
        null,
        null,
        null,
        1,
        411,
        null,
        1,
        null,
        null,
        1,
        822,
        null,
        null,
        null,
        1
      ],
      "/dpc-portal/app/jobs/sync_organization_job.rb": [
        null,
        null,
        null,
        1,
        1,
        null,
        null,
        1,
        null,
        0,
        null,
        0,
        0,
        null,
        null,
        0,
        0,
        0,
        0,
        0,
        0,
        0,
        null,
        0,
        0,
        null,
        null,
        null,
        null,
        1,
        null,
        1,
        0,
        null,
        0,
        null,
        null,
        null,
        0,
        0,
        0,
        0,
        0,
        null,
        0,
        0,
        null,
        null,
        null,
        null,
        1,
        0,
        null,
        null,
        null,
        1,
        null,
        null,
        1,
        null,
        1,
        null,
        null,
        1,
        0,
        0,
        0,
        0,
        0,
        0,
        0,
        0,
        0,
        0,
        null,
        null,
        null
      ],
      "/dpc-portal/app/models/credential_audit_log.rb": [
        null,
        null,
        null,
        1,
        1,
        1,
        1,
        null,
        null,
        1,
        null
      ],
      "/dpc-portal/app/controllers/client_tokens_controller.rb": [
        null,
        null,
        null,
        1,
        1,
        1,
        1,
        1,
        1,
        null,
        1,
        1,
        null,
        null,
        1,
        5,
        null,
        3,
        3,
        2,
        2,
        2,
        null,
        1,
        1,
        null,
        null,
        null,
        1,
        4,
        4,
        2,
        2,
        null,
        2,
        null,
        4,
        null,
        null,
        1,
        null,
        1,
        5,
        null,
        null,
        1,
        3,
        3,
        null,
        null,
        1,
        1,
        null,
        null
      ],
      "/dpc-portal/app/controllers/application_controller.rb": [
        null,
        null,
        null,
        1,
        1,
        1,
        1,
        1,
        1,
        null,
        1,
        null,
        1,
        null,
        1,
        163,
        null,
        5,
        null,
        null,
        1,
        61,
        null,
        8,
        4,
        null,
        4,
        4,
        null,
        null,
        null,
        null,
        1,
        5,
        5,
        5,
        null,
        null,
        null,
        null,
        null,
        null,
        1,
        541,
        null,
        null,
        null,
        1,
        540,
        540,
        540,
        null,
        1,
        1,
        1,
        null,
        null,
        1,
        null,
        null,
        null,
        1,
        343,
        null,
        null,
        1,
        371,
        369,
        null,
        2,
        null,
        null,
        1,
        75,
        null,
        75,
        null,
        null,
        1,
        27,
        null,
        27,
        null,
        null,
        1,
        102,
        18,
        18,
        null,
        null,
        84,
        84,
        null,
        5,
        5,
        null,
        null,
        1,
        18,
        18,
        null,
        null,
        1,
        539,
        539,
        539,
        null,
        null,
        1,
        12,
        null,
        null,
        null,
        12,
        null,
        0,
        null,
        null
      ],
      "/dpc-portal/app/models/ao_org_link.rb": [
        null,
        null,
        null,
        1,
        1,
        null,
        1,
        null,
        1,
        null,
        1,
        null,
        null,
        1,
        null,
        1,
        1,
        1,
        null
      ],
      "/dpc-portal/app/services/client_token_manager.rb": [
        null,
        null,
        null,
        1,
        1,
        null,
        1,
        7,
        null,
        null,
        1,
        3,
        3,
        null,
        3,
        null,
        3,
        null,
        null,
        1,
        4,
        4,
        4,
        null,
        null,
        1,
        0,
        0,
        0,
        0,
        null,
        0,
        null,
        null,
        null
      ],
      "/dpc-portal/app/components/page/client_token/show_token_component.rb": [
        null,
        null,
        1,
        1,
        null,
        1,
        1,
        null,
        1,
        2,
        2,
        2,
        null,
        null,
        null,
        null
      ],
      "/dpc-portal/app/components/core/form/text_area_component.rb": [
        null,
        null,
        1,
        1,
        null,
        1,
        1,
        null,
        1,
        12,
        12,
        12,
        12,
        12,
        12,
        12,
        12,
        null,
        null,
        null,
        null
      ],
      "/dpc-portal/app/components/core/button/button_component.rb": [
        null,
        null,
        1,
        1,
        null,
        1,
        1,
        null,
        1,
        320,
        320,
        320,
        320,
        320,
        320,
        null,
        null,
        1,
        320,
        320,
        320,
        null,
        null,
        null,
        null
      ],
      "/dpc-portal/app/components/core/site_header/component.rb": [
        null,
        null,
        1,
        1,
        null,
        1,
        1,
        null,
        1,
        366,
        366,
        null,
        null,
        null,
        null
      ],
      "/dpc-portal/app/components/page/client_token/new_token_component.rb": [
        null,
        null,
        1,
        1,
        null,
        1,
        1,
        null,
        1,
        4,
        4,
        4,
        null,
        null,
        null,
        null
      ],
      "/dpc-portal/app/components/core/form/text_input_component.rb": [
        null,
        null,
        1,
        1,
        null,
        1,
        1,
        null,
        null,
        1,
        44,
        44,
        44,
        44,
        44,
        44,
        44,
        44,
        44,
        44,
        null,
        null,
        null,
        null,
        null
      ],
      "/dpc-portal/app/components/core/alert/component.rb": [
        null,
        null,
        1,
        1,
        null,
        1,
        1,
        null,
        1,
        12,
        12,
        12,
        12,
        null,
        null,
        null,
        null
      ],
      "/dpc-portal/app/components/page/utility/access_denied_component.rb": [
        null,
        null,
        1,
        1,
        null,
        1,
        1,
        28,
        28,
        28,
        null,
        null,
        null,
        null
      ],
      "/dpc-portal/app/controllers/credential_delegate_invitations_controller.rb": [
        null,
        null,
        null,
        1,
        1,
        1,
        1,
        1,
        1,
        1,
        null,
        1,
        1,
        null,
        null,
        null,
        1,
        7,
        null,
        7,
        5,
        null,
        null,
        5,
        5,
        5,
        null,
        null,
        5,
        null,
        2,
        null,
        null,
        null,
        null,
        1,
        1,
        null,
        null,
        1,
        4,
        2,
        null,
        2,
        null,
        4,
        null,
        null,
        1,
        null,
        1,
        2,
        1,
        null,
        1,
        null,
        null,
        null,
        1,
        7,
        null,
        7,
        null,
        null,
        null,
        7,
        null,
        null,
        1,
        5,
        5,
        null,
        1,
        1,
        null,
        null
      ],
      "/dpc-portal/app/components/page/organization/tos_form_component.rb": [
        null,
        null,
        1,
        1,
        null,
        1,
        1,
        null,
        1,
        5,
        5,
        null,
        null,
        null,
        null
      ],
      "/dpc-portal/app/components/page/credential_delegate/new_invitation_component.rb": [
        null,
        null,
        1,
        1,
        null,
        1,
        1,
        null,
        1,
        3,
        3,
        3,
        null,
        null,
        null,
        null
      ],
      "/dpc-portal/app/components/core/form/masked_input_component.rb": [
        null,
        null,
        1,
        1,
        null,
        1,
        1,
        null,
        null,
        1,
        3,
        3,
        3,
        3,
        3,
        3,
        3,
        3,
        3,
        null,
        3,
        3,
        3,
        null,
        null,
        null,
        null,
        null,
        null
      ],
      "/dpc-portal/app/components/core/modal/modal_component.rb": [
        null,
        null,
        1,
        1,
        null,
        1,
        1,
        null,
        null,
        1,
        4,
        4,
        4,
        4,
        4,
        4,
        null,
        null,
        null,
        null
      ],
      "/dpc-portal/app/mailers/invitation_mailer.rb": [
        null,
        null,
        null,
        1,
        1,
        0,
        0,
        null,
        null,
        null,
        null,
        null,
        1,
        1,
        1,
        1,
        1,
        1,
        null,
        null,
        null,
        null,
        null
      ],
      "/dpc-portal/app/components/page/credential_delegate/invitation_success_component.rb": [
        null,
        null,
        1,
        1,
        null,
        1,
        1,
        null,
        1,
        1,
        1,
        null,
        null,
        null,
        null
      ],
      "/dpc-portal/app/controllers/invitations_controller.rb": [
        null,
        null,
        null,
        1,
        1,
        1,
        1,
        1,
        1,
        1,
        null,
        1,
        4,
        null,
        null,
        null,
        1,
        36,
        36,
        null,
        32,
        null,
        null,
        1,
        29,
        1,
        null,
        null,
        28,
        28,
        null,
        19,
        19,
        null,
        null,
        null,
        1,
        2,
        null,
        null,
        1,
        32,
        null,
        25,
        25,
        25,
        null,
        null,
        1,
        7,
        7,
        1,
        null,
        null,
        null,
        6,
        6,
        6,
        null,
        null,
        1,
        21,
        1,
        null,
        null,
        20,
        20,
        null,
        15,
        15,
        null,
        null,
        null,
        1,
        30,
        2,
        null,
        null,
        28,
        null,
        28,
        28,
        28,
        null,
        null,
        28,
        null,
        null,
        1,
        10,
        10,
        null,
        null,
        10,
        null,
        null,
        null,
        null,
        null,
        null,
        null,
        null,
        10,
        null,
        null,
        1,
        4,
        1,
        null,
        3,
        null,
        4,
        null,
        null,
        1,
        null,
        1,
        56,
        52,
        5,
        null,
        null,
        52,
        52,
        52,
        null,
        4,
        null,
        null,
        1,
        28,
        26,
        19,
        19,
        null,
        5,
        5,
        5,
        null,
        4,
        null,
        null,
        1,
        8,
        null,
        null,
        8,
        1,
        7,
        1,
        null,
        null,
        6,
        null,
        null,
        null,
        null,
        1,
        10,
        5,
        null,
        5,
        null,
        10,
        10,
        null,
        null,
        1,
        28,
        13,
        15,
        15,
        null,
        0,
        null,
        0,
        null,
        null,
        null,
        1,
        13,
        13,
        null,
        null,
        13,
        null,
        null,
        1,
        15,
        15,
        null,
        null,
        15,
        15,
        15,
        null,
        null,
        1,
        28,
        28,
        20,
        20,
        null,
        28,
        28,
        null,
        null,
        1,
        20,
        20,
        20,
        20,
        null,
        null,
        1,
        28,
        28,
        28,
        28,
        null,
        null,
        1,
        267,
        256,
        11,
        null,
        null,
        11,
        null,
        null,
        1,
        241,
        null,
        66,
        36,
        null,
        null,
        30,
        30,
        null,
        null,
        null,
        66,
        null,
        null,
        null,
        1,
        70,
        null,
        null,
        1,
        59,
        null,
        null,
        1,
        122,
        null,
        null,
        116,
        null,
        null,
        6,
        null,
        null,
        1,
        5,
        2,
        null,
        null,
        3,
        null,
        null,
        null,
        null,
        null,
        null,
        null,
        1,
        20,
        9,
        null,
        null,
        11,
        11,
        null,
        null,
        null,
        null,
        null,
        1,
        19,
        1,
        null,
        null,
        null,
        null,
        19,
        null,
        1,
        null,
        null,
        null,
        null,
        null,
        null,
        1,
        10,
        null,
        10,
        null,
        0,
        null,
        0,
        null,
        null
      ],
      "/dpc-portal/app/components/page/invitations/start_component.rb": [
        null,
        null,
        1,
        1,
        null,
        1,
        1,
        4,
        4,
        4,
        4,
        4,
        4,
        4,
        null,
        null,
        null,
        null,
        null,
        null,
        null,
        null
      ],
      "/dpc-portal/app/components/core/icon/uswds_component.rb": [
        null,
        null,
        1,
        1,
        null,
        1,
        1,
        16,
        16,
        16,
        16,
        null,
        null,
        1,
        16,
        16,
        16,
        null,
        null,
        null,
        null
      ],
      "/dpc-portal/app/components/page/invitations/bad_invitation_component.rb": [
        null,
        null,
        1,
        1,
        null,
        1,
        1,
        97,
        97,
        97,
        97,
        97,
        0,
        null,
        97,
        null,
        97,
        97,
        null,
        null,
        null,
        null
      ],
      "/dpc-portal/app/services/ao_verification_service.rb": [
        null,
        null,
        null,
        1,
        1,
        null,
        1,
        24,
        null,
        null,
        1,
        24,
        19,
        null,
        2,
        null,
        3,
        null,
        null,
        1,
        24,
        19,
        null,
        19,
        null,
        null,
        1,
        0,
        0,
        null,
        0,
        0,
        null,
        0,
        0,
        null,
        0,
        null,
        null,
        1,
        null,
        1,
        19,
        19,
        19,
        null,
        19,
        null,
        null,
        1,
        41,
        41,
        null,
        39,
        39,
        0,
        0,
        null,
        0,
        null,
        null,
        39,
        null,
        null,
        1,
        41,
        null,
        2,
        2,
        null,
        2,
        null,
        null,
        1,
        24,
        22,
        null,
        22,
        22,
        null,
        66,
        22,
        null,
        22,
        null,
        null,
        1,
        22,
        22,
        93,
        null,
        null,
        null,
        3,
        null,
        null,
        1,
        93,
        null,
        93,
        null,
        0,
        null,
        null,
        null,
        1,
        2,
        2,
        2,
        0,
        0,
        0,
        null,
        0,
        0,
        null,
        null,
        null,
        1,
        3,
        3,
        null,
        null,
        null,
        1
      ],
      "/dpc-portal/app/controllers/login_dot_gov_controller.rb": [
        null,
        null,
        null,
        1,
        1,
        null,
        1,
        80,
        null,
        80,
        80,
        10,
        10,
        10,
        null,
        null,
        null,
        80,
        80,
        null,
        null,
        1,
        6,
        6,
        4,
        2,
        0,
        0,
        null,
        2,
        2,
        null,
        null,
        null,
        null,
        null,
        1,
        2,
        1,
        1,
        null,
        null,
        2,
        null,
        null,
        null,
        1,
        2,
        null,
        null,
        1,
        null,
        1,
        4,
        null,
        null,
        4,
        4,
        2,
        null,
        null,
        2,
        null,
        null,
        null,
        null,
        1,
        71,
        null,
        null,
        1,
        80,
        null,
        80,
        null,
        71,
        71,
        71,
        null,
        null,
        1,
        80,
        4,
        4,
        null,
        null,
        4,
        null,
        76,
        null,
        null
      ],
      "/dpc-portal/app/components/page/invitations/ao_flow_fail_component.rb": [
        null,
        null,
        1,
        1,
        null,
        1,
        1,
        13,
        13,
        13,
        13,
        13,
        2,
        null,
        11,
        null,
        13,
        13,
        null,
        null,
        null,
        null
      ],
      "/dpc-portal/app/components/core/navigation/step_indicator_component.rb": [
        null,
        null,
        1,
        1,
        null,
        null,
        null,
        null,
        null,
        1,
        1,
        84,
        84,
        84,
        null,
        null,
        null,
        null
      ],
      "/dpc-portal/app/components/page/invitations/invitation_login_component.rb": [
        null,
        null,
        1,
        1,
        null,
        1,
        1,
        32,
        32,
        32,
        null,
        null,
        null,
        null,
        null,
        null,
        null,
        null,
        null
      ],
      "/dpc-portal/app/services/user_info_service.rb": [
        null,
        null,
        null,
        1,
        1,
        null,
        1,
        0,
        null,
        0,
        null,
        null,
        1,
        null,
        1,
        0,
        null,
        null,
        1,
        0,
        0,
        0,
        null,
        null,
        1,
        0,
        0,
        0,
        0,
        null,
        0,
        null,
        0,
        null,
        0,
        0,
        null,
        null,
        0,
        0,
        0,
        null,
        0,
        null,
        null,
        1,
        0,
        null,
        0,
        null,
        null,
        1,
        0,
        0,
        null,
        null,
        null,
        null,
        null,
        0,
        null,
        null,
        null,
        1,
        0,
        0,
        null,
        null,
        null,
        null,
        null,
        null,
        null,
        null,
        null,
        null,
        1
      ],
      "/dpc-portal/app/components/page/invitations/accept_invitation_component.rb": [
        null,
        null,
        1,
        1,
        null,
        1,
        1,
        32,
        32,
        32,
        32,
        null,
        null,
        null,
        null
      ],
      "/dpc-portal/app/services/cpi_api_gateway_client.rb": [
        null,
        null,
        1,
        null,
        null,
        1,
        1,
        null,
        1,
        25,
        25,
        25,
        25,
        25,
        25,
        25,
        null,
        null,
        null,
        null,
        null,
        25,
        null,
        null,
        null,
        1,
        22,
        22,
        22,
        22,
        null,
        null,
        22,
        22,
        null,
        null,
        null,
        1,
        null,
        19,
        null,
        null,
        null,
        null,
        null,
        null,
        null,
        null,
        null,
        null,
        19,
        null,
        null,
        null,
        1,
        null,
        3,
        null,
        null,
        null,
        null,
        null,
        null,
        null,
        3,
        null,
        null,
        1,
        null,
        1,
        25,
        null,
        null,
        1,
        44,
        44,
        null,
        null,
        1,
        22,
        22,
        22,
        null,
        null,
        22,
        22,
        null,
        null,
        1,
        44,
        null,
        44,
        44,
        null,
        null,
        null,
        null,
        null,
        null,
        null,
        1,
        44,
        null,
        null,
        null,
        null,
        null,
        null,
        null,
        44,
        null,
        null
      ],
      "/dpc-portal/app/components/page/invitations/register_component.rb": [
        null,
        null,
        1,
        1,
        null,
        1,
        1,
        34,
        34,
        34,
        null,
        null,
        null,
        null
      ],
      "/dpc-portal/app/components/page/invitations/otp_component.rb": [
        null,
        null,
        1,
        1,
        null,
        1,
        1,
        8,
        8,
        8,
        null,
        null,
        null,
        null
      ],
      "/dpc-portal/app/components/page/invitations/success_component.rb": [
        null,
        null,
        1,
        1,
        null,
        1,
        1,
        28,
        28,
        28,
        null,
        null,
        null,
        null
      ],
      "/dpc-portal/app/controllers/organizations_controller.rb": [
        null,
        null,
        null,
        1,
        1,
        1,
        1,
        1,
        1,
        1,
        1,
        null,
        1,
        46,
        50,
        46,
        null,
        null,
        1,
        12,
        12,
        8,
        null,
        null,
        8,
        null,
        12,
        null,
        null,
        1,
        1,
        null,
        null,
        1,
        5,
        3,
        null,
        null,
        5,
        null,
        5,
        null,
        null,
        1,
        1,
        null,
        null,
        1,
        2,
        2,
        2,
        2,
        null,
        null,
        2,
        null,
        null,
        1,
        1,
        null,
        null,
        1,
        7,
        1,
        6,
        1,
        null,
        null,
        7,
        null,
        null,
        1,
        null,
        1,
        28,
        null,
        null,
        1,
        5,
        1,
        1,
        1,
        4,
        1,
        null,
        3,
        null,
        null,
        null,
        1,
        2,
        1,
        null,
        null
      ],
      "/dpc-portal/app/components/page/organization/organization_list_component.rb": [
        null,
        null,
        1,
        1,
        null,
        1,
        1,
        46,
        46,
        46,
        null,
        null,
        1,
        46,
        null,
        null,
        null,
        null
      ],
      "/dpc-portal/app/components/core/card/organization_card_component.rb": [
        null,
        null,
        1,
        1,
        null,
        1,
        1,
        1,
        4,
        4,
        4,
        null,
        null,
        1,
        4,
        4,
        0,
        null,
        4,
        0,
        null,
        4,
        4,
        null,
        0,
        null,
        null,
        null,
        null,
        null
      ],
      "/dpc-portal/app/controllers/ip_addresses_controller.rb": [
        null,
        null,
        null,
        1,
        1,
        1,
        1,
        1,
        1,
        null,
        1,
        1,
        null,
        null,
        null,
        1,
        7,
        7,
        7,
        2,
        2,
        2,
        null,
        5,
        5,
        null,
        null,
        null,
        1,
        4,
        4,
        2,
        2,
        null,
        2,
        null,
        4,
        null,
        null,
        null
      ],
      "/dpc-portal/app/services/ip_address_manager.rb": [
        null,
        null,
        null,
        1,
        1,
        null,
        1,
        null,
        1,
        11,
        11,
        null,
        null,
        null,
        1,
        7,
        2,
        null,
        null,
        5,
        5,
        5,
        2,
        null,
        null,
        3,
        3,
        null,
        3,
        1,
        1,
        null,
        null,
        3,
        null,
        null,
        null,
        null,
        1,
        4,
        4,
        null,
        4,
        2,
        2,
        null,
        null,
        4,
        null,
        null,
        1,
        0,
        0,
        null,
        0,
        0,
        null,
        0,
        0,
        0,
        null,
        null,
        null,
        1,
        null,
        1,
        7,
        7,
        7,
        null,
        null,
        1,
        5,
        4,
        null,
        1,
        1,
        null,
        null,
        1,
        4,
        4,
        null,
        null,
        1,
        10,
        null,
        null
      ],
      "/dpc-portal/app/components/page/ip_address/new_address_component.rb": [
        null,
        null,
        1,
        1,
        null,
        1,
        1,
        null,
        1,
        6,
        6,
        6,
        null,
        null,
        null,
        null
      ],
      "/dpc-portal/app/components/page/organization/compound_show_component.rb": [
        null,
        null,
        1,
        1,
        null,
        1,
        1,
        12,
        12,
        null,
        12,
        12,
        12,
        12,
        null,
        null,
        null,
        null
      ],
      "/dpc-portal/app/components/page/organization/credentials_component.rb": [
        null,
        null,
        1,
        1,
        null,
        1,
        1,
        null,
        1,
        12,
        12,
        null,
        null,
        null,
        null
      ],
      "/dpc-portal/app/components/core/card/basic_component.rb": [
        null,
        null,
        1,
        1,
        null,
        1,
        1,
        null,
        1,
        44,
        44,
        44,
        null,
        null,
        null,
        null
      ],
      "/dpc-portal/app/components/core/navigation/tabbed_component.rb": [
        null,
        null,
        1,
        1,
        null,
        null,
        null,
        null,
        null,
        1,
        null,
        null,
        null,
        null,
        1,
        8,
        8,
        8,
        8,
        16,
        null,
        8,
        24,
        null,
        null,
        null,
        null
      ],
      "/dpc-portal/app/components/page/credential_delegate/list_component.rb": [
        null,
        null,
        1,
        1,
        null,
        1,
        1,
        null,
        1,
        8,
        8,
        8,
        8,
        null,
        null,
        null,
        null
      ],
      "/dpc-portal/app/components/core/table/table_component.rb": [
        null,
        null,
        1,
        1,
        null,
        1,
        1,
        null,
        1,
        2,
        2,
        2,
        2,
        null,
        null,
        1,
        2,
        2,
        2,
        null,
        null,
        null,
        null
      ],
      "/dpc-portal/app/components/core/table/header_component.rb": [
        null,
        null,
        1,
        1,
        null,
        1,
        1,
        null,
        1,
        2,
        2,
        2,
        2,
        null,
        null,
        null,
        null
      ],
      "/dpc-portal/app/components/core/table/row_component.rb": [
        null,
        null,
        1,
        1,
        null,
        1,
        1,
        null,
        1,
        null,
        1,
        2,
        2,
        2,
        2,
        2,
        2,
        2,
        6,
        null,
        null,
        null,
        1,
        null,
        6,
        null,
        null,
        2,
        0,
        null,
        2,
        null,
        null,
        null,
        null
      ],
      "/dpc-portal/app/components/page/organization/new_organization_component.rb": [
        null,
        null,
        1,
        1,
        null,
        1,
        1,
        null,
        1,
        3,
        3,
        null,
        null,
        null,
        null
      ],
      "/dpc-portal/app/components/page/organization/new_organization_success_component.rb": [
        null,
        null,
        1,
        1,
        null,
        1,
        1,
        1,
        1,
        null,
        null,
        null,
        null
      ],
      "/dpc-portal/app/controllers/public_keys_controller.rb": [
        null,
        null,
        null,
        1,
        1,
        1,
        1,
        1,
        1,
        null,
        1,
        1,
        null,
        null,
        null,
        1,
        6,
        4,
        null,
        3,
        null,
        3,
        null,
        null,
        null,
        null,
        null,
        3,
        2,
        2,
        2,
        null,
        1,
        null,
        null,
        null,
        null,
        1,
        4,
        4,
        2,
        2,
        2,
        null,
        2,
        null,
        null,
        null,
        1,
        0,
        null,
        null,
        1,
        null,
        1,
        4,
        4,
        null,
        null,
        1,
        6,
        null,
        null,
        1,
        4,
        null,
        null
      ],
      "/dpc-portal/app/services/public_key_manager.rb": [
        null,
        null,
        null,
        1,
        1,
        null,
        1,
        7,
        7,
        null,
        null,
        1,
        3,
        3,
        null,
        3,
        null,
        3,
        3,
        null,
        null,
        null,
        3,
        3,
        null,
        null,
        null,
        1,
        3,
        3,
        0,
        0,
        null,
        3,
        null,
        null,
        0,
        0,
        null,
        null,
        1,
        4,
        4,
        4,
        4,
        null,
        null,
        1,
        0,
        0,
        null,
        0,
        0,
        null,
        0,
        0,
        0,
        null,
        null,
        null,
        1,
        6,
        null,
        null
      ],
      "/dpc-portal/app/components/page/public_key/new_key_component.rb": [
        null,
        null,
        1,
        1,
        null,
        1,
        1,
        null,
        1,
        5,
        5,
        5,
        null,
        null,
        null,
        null
      ],
      "/dpc-portal/app/controllers/users/sessions_controller.rb": [
        null,
        null,
        1,
        null,
        1,
        1,
        null,
        1,
        3,
        null,
        null,
        3,
        3,
        null,
        null,
        null
      ],
      "/dpc-portal/app/components/core/combo_box/combo_box_component.rb": [
        null,
        null,
        0,
        0,
        null,
        0,
        0,
        0,
        0,
        0,
        0,
        0,
        0,
        0,
        0,
        0
      ],
      "/dpc-portal/app/components/page/session/login_component.rb": [
        null,
        null,
        0,
        0,
        null,
        0,
        0,
        0,
        0,
        0,
        0,
        0,
        0
      ],
      "/dpc-portal/app/concerns/verification.rb": [
        null,
        null,
        null,
        0,
        0,
        null,
        0,
        0,
        0,
        0,
        null,
        0,
        0,
        0,
        null,
        0,
        0,
        0,
        0,
        0,
        null,
        0,
        0,
        0,
        null,
        0,
        0,
        0,
        0,
        0,
        0,
        0,
        null,
        0,
        0,
        0,
        0,
        0,
        0,
        0,
        0,
        null,
        0,
        0,
        0,
        null,
        0,
        0,
        0,
        0,
        0,
        0,
        0,
        null,
        0,
        0,
        0,
        0,
        0,
        0
      ],
      "/dpc-portal/app/controllers/foo_controller.rb": [
        null,
        null,
        null,
        0,
        0,
        0,
        0,
        0,
        0,
        0,
        null,
        0,
        0,
        0,
        null,
        null,
        0,
        0,
        null,
        0,
        0,
        0,
        0,
        0,
        0,
        0,
        0,
        0,
        0,
        0,
        0,
        0,
        0,
        null,
        null,
        0,
        0,
        0,
        null,
        0,
        0,
        0,
        0,
        0,
        0,
        0,
        0,
        null,
        0,
        null,
        0,
        0,
        0,
        0,
        0,
        0,
        0,
        null,
        0,
        0,
        0,
        0,
        0,
        0,
        0,
        0,
        0,
        null,
        0,
        0,
        0,
        null,
        0,
        0,
        0,
        0
      ],
      "/dpc-portal/app/jobs/verify_ao_job.rb": [
        null,
        null,
        null,
        null,
        null,
        null,
        0,
        0,
        0,
        null,
        0,
        0,
        0,
        0,
        0,
        0,
        0,
        0,
        0,
        0,
        0,
        0,
        0,
        0,
        0,
        0,
        null,
        0,
        0,
        0,
        0,
        null,
        0,
        0,
        0,
        0,
        0,
        0,
        0,
        null,
        0,
        0,
        0,
        0,
        0,
        0,
        0,
        0,
        0,
        0,
        0,
        0,
        0,
        0,
        0,
        0,
        null,
        0,
        0,
        0,
        0,
        0,
        null,
        0,
        0,
        0,
        0,
        null,
        0,
        0,
        0,
        0,
        0,
        0,
        0,
        0,
        0,
        0,
        0,
        0,
        null,
        0,
        null,
        0,
        0,
        0,
        0,
        0
      ],
      "/dpc-portal/app/jobs/verify_provider_organization_job.rb": [
        null,
        null,
        null,
        null,
        null,
        null,
        0,
        0,
        0,
        null,
        0,
        0,
        0,
        0,
        0,
        0,
        0,
        0,
        0,
        0,
        0,
        0,
        null,
        0,
        0,
        null,
        0,
        0,
        0,
        0,
        0,
        null,
        0,
        0,
        0,
        0,
        0
      ],
      "/dpc-portal/app/services/ao_invitation_service.rb": [
        null,
        null,
        null,
        0,
        0,
        0,
        0,
        0,
        null,
        0,
        0,
        0,
        0,
        null,
        0,
        0,
        0,
        null,
        0,
        null,
        0,
        0,
        null,
        0,
        0,
        null,
        0,
        0,
        null,
        0,
        0,
        null,
        0,
        null,
        0,
        0,
        0,
        0,
        null,
        0
      ]
    },
    "timestamp": 1726765147
  }
}
