{
  "RSpec": {
    "coverage": {
      "/dpc-web/lib/dpc_middleware/ig_fix.rb": [
        null,
        null,
        1,
        1,
        1,
        6,
        null,
        null,
        1,
        135,
        135,
        null,
        2,
        2,
        null,
        2,
        null,
        null,
        null
      ],
      "/dpc-web/lib/luhnacy_lib/luhnacy_lib.rb": [
        null,
        null,
        1,
        1,
        109,
        109,
        109,
        null,
        null,
        null,
        1,
        93,
        null,
        null
      ],
      "/dpc-web/app/models/user.rb": [
        null,
        null,
        1,
        null,
        1,
        1,
        1,
        null,
        1,
        1,
        1,
        1,
        null,
        1,
        null,
        1,
        null,
        null,
        null,
        null,
        1,
        null,
        null,
        null,
        null,
        1,
        null,
        1,
        1,
        1,
        1,
        1,
        1,
        null,
        125,
        null,
        1,
        125,
        null,
        1,
        1,
        1,
        1,
        1,
        null,
        null,
        null,
        1,
        1,
        null,
        null,
        1,
        1,
        null,
        null,
        1,
        1,
        null,
        null,
        null,
        1,
        1,
        null,
        null,
        null,
        1,
        1,
        null,
        null,
        null,
        null,
        1,
        1,
        null,
        null,
        null,
        null,
        null,
        1,
        3,
        null,
        null,
        null,
        null,
        null,
        null,
        1,
        null,
        null,
        null,
        null,
        1,
        null,
        1,
        3,
        3,
        3,
        3,
        3,
        3,
        3,
        84,
        21,
        null,
        21,
        3,
        3,
        3,
        null,
        null,
        null,
        84,
        null,
        3,
        null,
        null,
        null,
        null,
        1,
        1,
        null,
        null,
        1,
        16,
        null,
        null,
        1,
        32,
        null,
        null,
        1,
        null,
        1,
        157,
        null,
        155,
        null,
        155,
        null,
        5,
        null,
        null,
        null,
        1,
        151,
        null,
        null,
        1,
        34,
        null,
        4,
        null,
        null
      ],
      "/dpc-web/app/models/application_record.rb": [
        1,
        1,
        null
      ],
      "/dpc-web/app/models/concerns/organization_typable.rb": [
        null,
        null,
        1,
        null,
        1,
        1,
        null,
        1,
        null,
        null,
        null,
        null,
        null,
        null,
        null,
        null,
        null,
        null,
        null
      ],
      "/dpc-web/app/models/concerns/taggable.rb": [
        null,
        null,
        1,
        1,
        1,
        2,
        2,
        null,
        null,
        1,
        1,
        0,
        null,
        null,
        null,
        null,
        null,
        null,
        null,
        null,
        null
      ],
      "/dpc-web/app/validators/domain_exists_validator.rb": [
        null,
        null,
        1,
        1,
        1,
        null,
        157,
        null,
        0,
        null,
        157,
        null,
        null
      ],
      "/dpc-web/app/models/address.rb": [
        null,
        null,
        1,
        1,
        null,
        1,
        null,
        null,
        null,
        null,
        null,
        null,
        null,
        null,
        null,
        null,
        null,
        null,
        null,
        null,
        null,
        null,
        null,
        1,
        null,
        null,
        null,
        null,
        null,
        null,
        1,
        null,
        null,
        null,
        null,
        null,
        1,
        1,
        1,
        null
      ],
      "/dpc-web/app/helpers/address_helper.rb": [
        null,
        null,
        1,
        1,
        952,
        null,
        null
      ],
      "/dpc-web/app/helpers/application_helper.rb": [
        null,
        null,
        1,
        1,
        192,
        null,
        null,
        1,
        2,
        null,
        null,
        1,
        2,
        null,
        1,
        null,
        null,
        1,
        1,
        null,
        null,
        1,
        287,
        null,
        null,
        1,
        2,
        null,
        null,
        1,
        10,
        null,
        7,
        7,
        null,
        null
      ],
      "/dpc-web/app/helpers/devise_helper.rb": [
        null,
        null,
        1,
        1,
        8,
        null,
        2,
        null,
        1,
        null,
        null,
        1,
        1,
        null,
        null,
        null,
        null,
        null,
        null,
        null,
        null,
        1,
        1,
        null,
        null,
        null,
        null,
        null,
        null,
        null,
        null
      ],
      "/dpc-web/app/helpers/mailer_helper.rb": [
        null,
        null,
        1,
        1,
        2,
        null,
        null
      ],
      "/dpc-web/app/helpers/organizations_helper.rb": [
        null,
        null,
        1,
        1,
        17,
        null,
        null,
        1,
        0,
        null,
        null,
        1,
        0,
        null,
        null,
        1,
        0,
        null,
        null,
        1,
        17,
        153,
        null,
        null,
        null,
        1,
        8,
        7,
        null,
        1,
        null,
        null,
        null,
        1,
        8,
        1,
        null,
        7,
        null,
        null,
        null
      ],
      "/dpc-web/app/helpers/pages_helper.rb": [
        null,
        null,
        1,
        null
      ],
      "/dpc-web/app/helpers/registrations_helper.rb": [
        null,
        null,
        1,
        null
      ],
      "/dpc-web/app/controllers/client_tokens_controller.rb": [
        null,
        null,
        1,
        1,
        1,
        1,
        null,
        1,
        2,
        null,
        null,
        1,
        4,
        null,
        4,
        4,
        null,
        4,
        2,
        2,
        null,
        2,
        null,
        1,
        null,
        null,
        null,
        1,
        2,
        2,
        null,
        2,
        2,
        1,
        1,
        null,
        1,
        null,
        null,
        null,
        1,
        10,
        8,
        null,
        8,
        null,
        0,
        null,
        null,
        1,
        null,
        1,
        18,
        null,
        null,
        1,
        3,
        3,
        null,
        null,
        1,
        6,
        null,
        null,
        1,
        2,
        2,
        null,
        null
      ],
      "/dpc-web/app/controllers/application_controller.rb": [
        null,
        null,
        1,
        1,
        1,
        null,
        1,
        103,
        9,
        null,
        null,
        null,
        null,
        null,
        null,
        103,
        0,
        null,
        null,
        null,
        null,
        null,
        null,
        null,
        1,
        1,
        null,
        null,
        null,
        1,
        149,
        149,
        105,
        44,
        41,
        null,
        3,
        null,
        null,
        null,
        1,
        null,
        1,
        4,
        null,
        null,
        1,
        0,
        null,
        1,
        null
      ],
      "/dpc-web/app/controllers/public_keys_controller.rb": [
        null,
        null,
        1,
        1,
        1,
        1,
        1,
        null,
        1,
        2,
        null,
        null,
        1,
        2,
        2,
        null,
        2,
        2,
        1,
        1,
        null,
        1,
        null,
        null,
        null,
        1,
        5,
        5,
        4,
        null,
        3,
        3,
        null,
        3,
        null,
        null,
        null,
        null,
        null,
        3,
        2,
        null,
        1,
        null,
        null,
        null,
        1,
        1,
        null,
        null,
        1,
        10,
        10,
        null,
        10,
        null,
        1,
        null,
        null,
        1,
        null,
        1,
        4,
        4,
        null,
        null,
        1,
        5,
        null,
        null,
        1,
        4,
        null,
        null,
        1,
        1,
        1,
        null,
        null
      ],
      "/dpc-web/app/jobs/grant_access_job.rb": [
        null,
        null,
        1,
        1,
        16,
        null,
        15,
        null,
        14,
        11,
        11,
        11,
        null,
        null,
        null,
        12,
        12,
        12,
        null,
        1,
        null,
        3,
        3,
        null,
        null,
        1,
        15,
        14,
        null,
        7,
        6,
        6,
        6,
        6,
        null,
        null,
        null,
        null,
        null,
        null,
        null
      ],
      "/dpc-web/lib/redis_store/mail_throttle_store.rb": [
        null,
        null,
        1,
        null,
        1,
        1,
        null,
        null,
        1,
        null,
        1,
        null,
        15,
        15,
        15,
        null,
        null,
        1,
        21,
        null,
        16,
        null,
        null,
        1,
        null,
        1,
        16,
        16,
        null,
        null,
        1,
        21,
        null,
        null,
        null
      ],
      "/dpc-web/app/mailers/user_mailer.rb": [
        null,
        null,
        1,
        1,
        2,
        null,
        2,
        2,
        null,
        null,
        null,
        null,
        null,
        null,
        null
      ],
      "/dpc-web/app/mailers/application_mailer.rb": [
        1,
        1,
        1,
        null
      ],
      "/dpc-web/app/models/organization.rb": [
        null,
        null,
        1,
        null,
        1,
        1,
        1,
        1,
        null,
        1,
        1,
        1,
        1,
        1,
        1,
        null,
        1,
        null,
        1,
        1,
        1,
        null,
        1,
        1,
        null,
        96,
        1,
        null,
        1,
        null,
        1,
        null,
        1,
        null,
        1,
        0,
        null,
        null,
        1,
        0,
        null,
        null,
        1,
        0,
        null,
        null,
        1,
        0,
        null,
        null,
        1,
        114,
        null,
        null,
        1,
        13,
        null,
        8,
        null,
        null,
        1,
        5,
        null,
        null,
        1,
        95,
        null,
        90,
        null,
        null,
        1,
        169,
        null,
        null,
        1,
        4,
        null,
        3,
        null,
        null,
        1,
        66,
        null,
        null,
        1,
        0,
        null,
        null,
        null,
        1,
        null,
        1,
        90,
        null,
        90,
        null,
        1,
        1,
        null
      ],
      "/dpc-web/app/models/organization_user_assignment.rb": [
        null,
        null,
        1,
        null,
        1,
        1,
        1,
        null,
        1,
        1,
        null,
        1,
        null,
        1,
        62,
        null,
        3,
        null,
        3,
        2,
        null,
        null,
        null,
        null,
        null,
        null
      ],
      "/dpc-web/app/models/fhir_endpoint.rb": [
        null,
        null,
        1,
        1,
        null,
        1,
        null,
        null,
        null,
        null,
        null,
        null,
        null,
        null,
        1,
        1,
        null,
        1,
        46,
        45,
        null,
        1,
        null,
        null
      ],
      "/dpc-web/app/models/registered_organization.rb": [
        null,
        null,
        1,
        1,
        1,
        null,
        1,
        42,
        1,
        1,
        null,
        1,
        null,
        1,
        null,
        1,
        null,
        1,
        4,
        null,
        4,
        null,
        null,
        1,
        9,
        null,
        null,
        1,
        9,
        null,
        null,
        1,
        45,
        null,
        null,
        null,
        null,
        45,
        null,
        45,
        42,
        42,
        42,
        null,
        3,
        3,
        3,
        3,
        null,
        null,
        null,
        1,
        2,
        2,
        2,
        null,
        1,
        1,
        1,
        1,
        null,
        null,
        1,
        2,
        2,
        2,
        null,
        1,
        1,
        1,
        1,
        null,
        null,
        1,
        45,
        null,
        null,
        null,
        null,
        null,
        null,
        1,
        5,
        null,
        null,
        1,
        41,
        null,
        null,
        1,
        null,
        1,
        49,
        null,
        null,
        1,
        5,
        null,
        null
      ],
      "/dpc-web/app/models/tag.rb": [
        null,
        null,
        1,
        1,
        null,
        1,
        null
      ],
      "/dpc-web/app/models/tagging.rb": [
        null,
        null,
        1,
        1,
        1,
        null,
        1,
        1,
        null,
        1,
        null
      ],
      "/dpc-web/app/services/client_token_manager.rb": [
        null,
        null,
        1,
        1,
        null,
        1,
        16,
        null,
        null,
        1,
        3,
        3,
        null,
        3,
        null,
        3,
        null,
        null,
        1,
        2,
        2,
        null,
        null,
        1,
        10,
        10,
        10,
        9,
        null,
        1,
        null,
        null,
        null
      ],
      "/dpc-web/app/services/public_key_manager.rb": [
        null,
        null,
        1,
        1,
        null,
        1,
        21,
        21,
        null,
        null,
        1,
        null,
        9,
        9,
        null,
        9,
        4,
        null,
        null,
        null,
        5,
        5,
        null,
        null,
        null,
        5,
        null,
        null,
        null,
        1,
        9,
        5,
        0,
        0,
        null,
        5,
        null,
        null,
        4,
        4,
        null,
        null,
        1,
        4,
        4,
        null,
        null,
        1,
        10,
        10,
        null,
        10,
        9,
        null,
        1,
        1,
        1,
        null,
        null,
        null,
        1,
        18,
        null,
        null
      ],
      "/dpc-web/app/controllers/users/sessions_controller.rb": [
        null,
        null,
        1,
        1,
        null,
        null,
        null,
        null,
        null,
        null,
        null,
        null,
        1,
        8,
        6,
        null,
        null,
        null,
        null,
        null,
        null,
        null,
        null,
        null,
        null,
        null,
        null,
        null,
        null,
        null,
        null
      ],
      "/dpc-web/app/controllers/users/registrations_controller.rb": [
        null,
        null,
        1,
        1,
        1,
        3,
        1,
        1,
        1,
        2,
        null,
        2,
        null,
        null,
        null,
        1,
        null,
        1,
        3,
        null,
        null,
        null,
        null,
        null,
        null,
        null,
        null,
        null,
        null,
        null,
        null,
        null,
        null,
        null,
        null,
        null,
        null,
        null,
        null,
        null,
        null,
        null,
        null,
        null,
        null,
        null,
        null,
        null,
        null,
        null,
        null,
        null,
        null,
        null,
        null,
        null,
        null,
        null,
        null,
        null,
        null,
        null,
        null,
        null,
        null,
        null,
        null,
        null,
        null,
        null,
        null,
        null,
        null,
        null,
        null,
        null,
        null,
        null,
        null,
        null,
        null
      ],
      "/dpc-web/app/controllers/portal_controller.rb": [
        null,
        null,
        1,
        1,
        null,
        1,
        16,
        16,
        12,
        12,
        null,
        4,
        4,
        null,
        null,
        null,
        1,
        4,
        0,
        null,
        4,
        null,
        null,
        null,
        1,
        4,
        0,
        null,
        4,
        null,
        null,
        null
      ],
      "/dpc-web/app/controllers/confirmations_controller.rb": [
        null,
        null,
        1,
        null,
        1,
        null,
        1,
        5,
        5,
        4,
        null,
        1,
        null,
        null,
        null,
        1,
        null,
        1,
        3,
        3,
        null,
        null,
        1,
        5,
        null,
        null
      ],
      "/dpc-web/app/controllers/users/passwords_controller.rb": [
        null,
        null,
        1,
        null,
        1,
        1,
        null,
        null,
        null,
        null,
        null,
        null,
        1,
        4,
        4,
        3,
        null,
        1,
        null,
        null,
        null,
        null,
        null,
        null,
        null,
        null,
        null,
        null,
        null,
        null,
        null,
        null,
        null,
        null,
        null,
        null,
        null,
        null,
        null,
        null,
        null,
        null,
        1,
        null,
        1,
        4,
        null,
        null,
        null
      ],
      "/dpc-web/app/controllers/organizations_controller.rb": [
        null,
        null,
        1,
        1,
        null,
        1,
        2,
        null,
        null,
        1,
        2,
        2,
        1,
        1,
        null,
        1,
        1,
        null,
        null,
        null,
        1,
        null,
        1,
        2,
        null,
        null
      ]
    },
    "timestamp": 1726768916
  }
}
